# JRE version: Java(TM) SE Runtime Environment (21.0.3+7) (build 21.0.3+7-LTS-152)
# Java VM: Java HotSpot(TM) 64-Bit Server VM (21.0.3+7-LTS-152, mixed mode, emulated-client, sharing, tiered, compressed oops, compressed class ptrs, g1 gc, windows-amd64)
GC Precious Log:
 CardTable entry size: 512
 Card Set container configuration: InlinePtr #cards 4 size 8 Array Of Cards #cards 16 size 48 Howl #buckets 8 coarsen threshold 3686 Howl Bitmap #cards 512 size 80 coarsen threshold 460 Card regions per heap region 1 cards per card region 4096
 CPUs: 6 total, 6 available
 Memory: 16317M
 Large Page Support: Disabled
 NUMA Support: Disabled
 Compressed Oops: Enabled (Zero based)
 Heap Region Size: 2M
 Heap Min Capacity: 8M
 Heap Initial Capacity: 256M
 Heap Max Capacity: 4080M
 Pre-touch: Disabled
 Parallel Workers: 6
 Concurrent Workers: 2
 Concurrent Refinement Workers: 6
 Periodic GC: Disabled
Heap:
 garbage-first heap   total 61440K, used 30915K [0x0000000701000000, 0x0000000800000000)
  region size 2048K, 2 young (4096K), 2 survivors (4096K)
 Metaspace       used 65248K, committed 66048K, reserved 1114112K
  class space    used 9337K, committed 9728K, reserved 1048576K
GC Heap History (20 events):
Event: 1.455 GC heap after
{Heap after GC invocations=3 (full 0):
 garbage-first heap   total 262144K, used 14165K [0x0000000701000000, 0x0000000800000000)
  region size 2048K, 4 young (8192K), 4 survivors (8192K)
 Metaspace       used 21094K, committed 21504K, reserved 1114112K
  class space    used 2804K, committed 2944K, reserved 1048576K
}
Event: 1.822 GC heap before
{Heap before GC invocations=4 (full 0):
 garbage-first heap   total 61440K, used 42837K [0x0000000701000000, 0x0000000800000000)
  region size 2048K, 18 young (36864K), 4 survivors (8192K)
 Metaspace       used 23952K, committed 24384K, reserved 1114112K
  class space    used 3238K, committed 3392K, reserved 1048576K
}
Event: 1.826 GC heap after
{Heap after GC invocations=5 (full 0):
 garbage-first heap   total 61440K, used 15748K [0x0000000701000000, 0x0000000800000000)
  region size 2048K, 2 young (4096K), 2 survivors (4096K)
 Metaspace       used 23952K, committed 24384K, reserved 1114112K
  class space    used 3238K, committed 3392K, reserved 1048576K
}
Event: 2.206 GC heap before
{Heap before GC invocations=5 (full 0):
 garbage-first heap   total 61440K, used 42372K [0x0000000701000000, 0x0000000800000000)
  region size 2048K, 16 young (32768K), 2 survivors (4096K)
 Metaspace       used 28216K, committed 28800K, reserved 1114112K
  class space    used 3896K, committed 4160K, reserved 1048576K
}
Event: 2.210 GC heap after
{Heap after GC invocations=6 (full 0):
 garbage-first heap   total 61440K, used 18108K [0x0000000701000000, 0x0000000800000000)
  region size 2048K, 2 young (4096K), 2 survivors (4096K)
 Metaspace       used 28216K, committed 28800K, reserved 1114112K
  class space    used 3896K, committed 4160K, reserved 1048576K
}
Event: 2.602 GC heap before
{Heap before GC invocations=6 (full 0):
 garbage-first heap   total 61440K, used 48828K [0x0000000701000000, 0x0000000800000000)
  region size 2048K, 17 young (34816K), 2 survivors (4096K)
 Metaspace       used 33730K, committed 34304K, reserved 1114112K
  class space    used 4638K, committed 4864K, reserved 1048576K
}
Event: 2.605 GC heap after
{Heap after GC invocations=7 (full 0):
 garbage-first heap   total 61440K, used 20276K [0x0000000701000000, 0x0000000800000000)
  region size 2048K, 3 young (6144K), 3 survivors (6144K)
 Metaspace       used 33730K, committed 34304K, reserved 1114112K
  class space    used 4638K, committed 4864K, reserved 1048576K
}
Event: 2.701 GC heap before
{Heap before GC invocations=7 (full 0):
 garbage-first heap   total 61440K, used 26420K [0x0000000701000000, 0x0000000800000000)
  region size 2048K, 7 young (14336K), 3 survivors (6144K)
 Metaspace       used 35419K, committed 35968K, reserved 1114112K
  class space    used 4915K, committed 5184K, reserved 1048576K
}
Event: 2.704 GC heap after
{Heap after GC invocations=8 (full 0):
 garbage-first heap   total 61440K, used 20775K [0x0000000701000000, 0x0000000800000000)
  region size 2048K, 2 young (4096K), 2 survivors (4096K)
 Metaspace       used 35419K, committed 35968K, reserved 1114112K
  class space    used 4915K, committed 5184K, reserved 1048576K
}
Event: 3.160 GC heap before
{Heap before GC invocations=9 (full 0):
 garbage-first heap   total 61440K, used 47399K [0x0000000701000000, 0x0000000800000000)
  region size 2048K, 16 young (32768K), 2 survivors (4096K)
 Metaspace       used 43107K, committed 43776K, reserved 1114112K
  class space    used 6013K, committed 6336K, reserved 1048576K
}
Event: 3.162 GC heap after
{Heap after GC invocations=10 (full 0):
 garbage-first heap   total 61440K, used 22498K [0x0000000701000000, 0x0000000800000000)
  region size 2048K, 2 young (4096K), 2 survivors (4096K)
 Metaspace       used 43107K, committed 43776K, reserved 1114112K
  class space    used 6013K, committed 6336K, reserved 1048576K
}
Event: 3.628 GC heap before
{Heap before GC invocations=10 (full 0):
 garbage-first heap   total 61440K, used 53218K [0x0000000701000000, 0x0000000800000000)
  region size 2048K, 17 young (34816K), 2 survivors (4096K)
 Metaspace       used 51396K, committed 52032K, reserved 1114112K
  class space    used 7269K, committed 7552K, reserved 1048576K
}
Event: 3.632 GC heap after
{Heap after GC invocations=11 (full 0):
 garbage-first heap   total 61440K, used 23773K [0x0000000701000000, 0x0000000800000000)
  region size 2048K, 2 young (4096K), 2 survivors (4096K)
 Metaspace       used 51396K, committed 52032K, reserved 1114112K
  class space    used 7269K, committed 7552K, reserved 1048576K
}
Event: 4.242 GC heap before
{Heap before GC invocations=11 (full 0):
 garbage-first heap   total 61440K, used 52445K [0x0000000701000000, 0x0000000800000000)
  region size 2048K, 16 young (32768K), 2 survivors (4096K)
 Metaspace       used 57752K, committed 58496K, reserved 1114112K
  class space    used 8154K, committed 8448K, reserved 1048576K
}
Event: 4.245 GC heap after
{Heap after GC invocations=12 (full 0):
 garbage-first heap   total 61440K, used 25938K [0x0000000701000000, 0x0000000800000000)
  region size 2048K, 2 young (4096K), 2 survivors (4096K)
 Metaspace       used 57752K, committed 58496K, reserved 1114112K
  class space    used 8154K, committed 8448K, reserved 1048576K
}
Event: 4.366 GC heap before
{Heap before GC invocations=12 (full 0):
 garbage-first heap   total 61440K, used 34130K [0x0000000701000000, 0x0000000800000000)
  region size 2048K, 7 young (14336K), 2 survivors (4096K)
 Metaspace       used 59448K, committed 60160K, reserved 1114112K
  class space    used 8441K, committed 8768K, reserved 1048576K
}
Event: 4.368 GC heap after
{Heap after GC invocations=13 (full 0):
 garbage-first heap   total 61440K, used 26540K [0x0000000701000000, 0x0000000800000000)
  region size 2048K, 2 young (4096K), 2 survivors (4096K)
 Metaspace       used 59448K, committed 60160K, reserved 1114112K
  class space    used 8441K, committed 8768K, reserved 1048576K
}
Event: 4.677 GC heap before
{Heap before GC invocations=14 (full 0):
 garbage-first heap   total 61440K, used 51116K [0x0000000701000000, 0x0000000800000000)
  region size 2048K, 14 young (28672K), 2 survivors (4096K)
 Metaspace       used 61884K, committed 62656K, reserved 1114112K
  class space    used 8861K, committed 9216K, reserved 1048576K
}
Event: 4.680 GC heap after
{Heap after GC invocations=15 (full 0):
 garbage-first heap   total 61440K, used 29166K [0x0000000701000000, 0x0000000800000000)
  region size 2048K, 2 young (4096K), 2 survivors (4096K)
 Metaspace       used 61884K, committed 62656K, reserved 1114112K
  class space    used 8861K, committed 9216K, reserved 1048576K
}
Event: 34.334 GC heap before
{Heap before GC invocations=15 (full 0):
 garbage-first heap   total 61440K, used 49646K [0x0000000701000000, 0x0000000800000000)
  region size 2048K, 13 young (26624K), 2 survivors (4096K)
 Metaspace       used 65248K, committed 66048K, reserved 1114112K
  class space    used 9337K, committed 9728K, reserved 1048576K
}

